<?xml version="1.0" encoding="UTF-8"?>
<!-- Generated by org.testng.reporters.JUnitReportReporter -->
<testsuite hostname="Admin" failures="0" tests="1" name="com.qdms.high.testcases.MaterialMultiSearch" time="173.487" errors="0" timestamp="27 Feb 2023 15:37:43 GMT" skipped="0">
  <testcase classname="com.qdms.high.testcases.MaterialMultiSearch" name="materialMultiSearch" time="173.487"/>
</testsuite> <!-- com.qdms.high.testcases.MaterialMultiSearch -->
