<?xml version="1.0" encoding="UTF-8"?>
<!-- Generated by org.testng.reporters.JUnitReportReporter -->
<testsuite hostname="Admin" failures="0" tests="1" name="com.qdms.high.testcases.PlantMultiSearch" time="101.324" errors="0" timestamp="26 Feb 2023 06:16:02 GMT" skipped="0">
  <testcase classname="com.qdms.high.testcases.PlantMultiSearch" name="plantMultiSearch" time="101.324"/>
</testsuite> <!-- com.qdms.high.testcases.PlantMultiSearch -->
