<?xml version="1.0" encoding="UTF-8"?>
<!-- Generated by org.testng.reporters.JUnitReportReporter -->
<testsuite hostname="Admin" failures="0" tests="1" name="com.qdms.high.testcases.EmployeeScript" time="237.086" errors="0" timestamp="23 Feb 2023 18:28:01 GMT" skipped="0">
  <testcase classname="com.qdms.high.testcases.EmployeeScript" name="PlantCodeSingleSearch" time="237.086"/>
</testsuite> <!-- com.qdms.high.testcases.EmployeeScript -->
