<?xml version="1.0" encoding="UTF-8"?>
<!-- Generated by org.testng.reporters.JUnitReportReporter -->
<testsuite hostname="Admin" failures="0" tests="1" name="com.qdms.high.testcases.CustomerMultiSearch" time="577.384" errors="0" timestamp="26 Feb 2023 11:17:46 GMT" skipped="0">
  <testcase classname="com.qdms.high.testcases.CustomerMultiSearch" name="customerMultiSearch" time="577.384"/>
</testsuite> <!-- com.qdms.high.testcases.CustomerMultiSearch -->
