<?xml version="1.0" encoding="UTF-8"?>
<!-- Generated by org.testng.reporters.JUnitReportReporter -->
<testsuite hostname="Admin" failures="0" tests="1" name="com.qdms.high.testcases.Plant" time="73.706" errors="0" timestamp="25 Feb 2023 16:17:27 GMT" skipped="0">
  <testcase classname="com.qdms.high.testcases.Plant" name="PlantSingleSearch" time="73.706"/>
</testsuite> <!-- com.qdms.high.testcases.Plant -->
