<?xml version="1.0" encoding="UTF-8"?>
<!-- Generated by org.testng.reporters.JUnitReportReporter -->
<testsuite hostname="Admin" failures="0" tests="1" name="com.qdms.high.testcases.DeliveryMultiSearch" time="631.889" errors="0" timestamp="26 Feb 2023 08:07:36 GMT" skipped="0">
  <testcase classname="com.qdms.high.testcases.DeliveryMultiSearch" name="deliveryMultiearch" time="631.889"/>
</testsuite> <!-- com.qdms.high.testcases.DeliveryMultiSearch -->
