<?xml version="1.0" encoding="UTF-8"?>
<!-- Generated by org.testng.reporters.JUnitReportReporter -->
<testsuite hostname="Admin" failures="0" tests="1" name="com.qdms.high.testcases.PlantMultiSearch" time="75.584" errors="0" timestamp="27 Feb 2023 11:49:56 GMT" skipped="0">
  <testcase classname="com.qdms.high.testcases.PlantMultiSearch" name="plantMultiSearch" time="75.584"/>
</testsuite> <!-- com.qdms.high.testcases.PlantMultiSearch -->
