<?xml version="1.0" encoding="UTF-8"?>
<!-- Generated by org.testng.reporters.JUnitReportReporter -->
<testsuite hostname="Admin" failures="0" tests="2" name="com.qdms.high.testcases.Test_Script" time="305.773" errors="0" timestamp="24 Feb 2023 03:02:46 GMT" skipped="0">
  <testcase classname="com.qdms.high.testcases.Test_Script" name="PlantMultiSearch" time="78.450"/>
  <testcase classname="com.qdms.high.testcases.Test_Script" name="EmployeeMultiSearch" time="227.323"/>
</testsuite> <!-- com.qdms.high.testcases.Test_Script -->
