<?xml version="1.0" encoding="UTF-8"?>
<!-- Generated by org.testng.reporters.JUnitReportReporter -->
<testsuite hostname="Admin" failures="0" tests="1" name="com.qdms.high.testcases.SupplierMultiSearch" time="113.970" errors="0" timestamp="26 Feb 2023 14:44:13 GMT" skipped="0">
  <testcase classname="com.qdms.high.testcases.SupplierMultiSearch" name="supplierMultiSearch" time="113.970"/>
</testsuite> <!-- com.qdms.high.testcases.SupplierMultiSearch -->
